<?xml version="1.0" encoding="UTF-8"?>
<!-- Generated by org.testng.reporters.JUnitXMLReporter -->
<testsuite ignored="0" hostname="LTIN513387" failures="0" tests="8" name="Default test" time="0.117" errors="0" timestamp="2024-06-07T13:53:28 IST">
  <testcase classname="TestCases.be_cognizant_testcase" name="@BeforeTest setUp" time="-1.717748608526E9">
    <failure type="org.testng.TestNGException" message="
Parameter &amp;apos;browser&amp;apos; is required by BeforeTest on method setUp but has not been marked @Optional or defined
in C:\Users\2317292\AppData\Local\Temp\testng-eclipse--339687852\testng-customsuite.xml">
      <![CDATA[org.testng.TestNGException: 
Parameter 'browser' is required by BeforeTest on method setUp but has not been marked @Optional or defined
in C:\Users\2317292\AppData\Local\Temp\testng-eclipse--339687852\testng-customsuite.xml
at org.testng.internal.Parameters.createParams(Parameters.java:264)
at org.testng.internal.Parameters.createParametersForMethod(Parameters.java:352)
at org.testng.internal.Parameters.createParameters(Parameters.java:690)
at org.testng.internal.Parameters.createConfigurationParameters(Parameters.java:163)
at org.testng.internal.invokers.ConfigInvoker.invokeConfigurations(ConfigInvoker.java:313)
at org.testng.TestRunner.invokeTestConfigurations(TestRunner.java:655)
at org.testng.TestRunner.beforeRun(TestRunner.java:644)
at org.testng.TestRunner.run(TestRunner.java:610)
at org.testng.SuiteRunner.runTest(SuiteRunner.java:421)
at org.testng.SuiteRunner.runSequentially(SuiteRunner.java:413)
at org.testng.SuiteRunner.privateRun(SuiteRunner.java:373)
at org.testng.SuiteRunner.run(SuiteRunner.java:312)
at org.testng.SuiteRunnerWorker.runSuite(SuiteRunnerWorker.java:52)
at org.testng.SuiteRunnerWorker.run(SuiteRunnerWorker.java:95)
at org.testng.TestNG.runSuitesSequentially(TestNG.java:1274)
at org.testng.TestNG.runSuitesLocally(TestNG.java:1208)
at org.testng.TestNG.runSuites(TestNG.java:1112)
at org.testng.TestNG.run(TestNG.java:1079)
at org.testng.remote.AbstractRemoteTestNG.run(AbstractRemoteTestNG.java:115)
at org.testng.remote.RemoteTestNG.initAndRun(RemoteTestNG.java:293)
at org.testng.remote.RemoteTestNG.main(RemoteTestNG.java:91)
]]>
    </failure>
  </testcase> <!-- @BeforeTest setUp -->
  <testcase classname="TestCases.be_cognizant_testcase" name="@AfterTest tearDown" time="0.0">
    <skipped/>
  </testcase> <!-- @AfterTest tearDown -->
  <testcase classname="TestCases.be_cognizant_testcase" name="testUser" time="0.0">
    <skipped/>
  </testcase> <!-- testUser -->
  <testcase classname="TestCases.be_cognizant_testcase" name="testUserDetails" time="0.001">
    <skipped/>
  </testcase> <!-- testUserDetails -->
  <testcase classname="TestCases.be_cognizant_testcase" name="AroundCognizant" time="0.0">
    <skipped/>
  </testcase> <!-- AroundCognizant -->
  <testcase classname="TestCases.be_cognizant_testcase" name="workonheader" time="0.0">
    <skipped/>
  </testcase> <!-- workonheader -->
  <testcase classname="TestCases.be_cognizant_testcase" name="newsSelect" time="0.001">
    <skipped/>
  </testcase> <!-- newsSelect -->
  <testcase classname="TestCases.be_cognizant_testcase" name="seeAllNaviagtion" time="0.0">
    <skipped/>
  </testcase> <!-- seeAllNaviagtion -->
  <testcase classname="TestCases.be_cognizant_testcase" name="newsValidation" time="0.0">
    <skipped/>
  </testcase> <!-- newsValidation -->
  <testcase classname="TestCases.be_cognizant_testcase" name="seeAllNewsHeader" time="0.0">
    <skipped/>
  </testcase> <!-- seeAllNewsHeader -->
</testsuite> <!-- Default test -->
