<?xml version="1.0" encoding="UTF-8"?>
<!-- Generated by org.testng.reporters.JUnitXMLReporter -->
<testsuite ignored="0" hostname="LTIN487205" failures="0" tests="6" name="TestonChrome" time="0.532" errors="0" timestamp="2024-05-31T12:12:04 IST">
  <testcase classname="TestBase.baseClass" name="@BeforeSuite setup" time="-1.717137723582E9">
    <failure type="org.testng.TestNGException" message="
Parameter &amp;apos;browser&amp;apos; is required by BeforeSuite on method setup but has not been marked @Optional or defined
in C:\Users\2318440\eclipse-workspace\cas_project\testng.xml">
      <![CDATA[org.testng.TestNGException: 
Parameter 'browser' is required by BeforeSuite on method setup but has not been marked @Optional or defined
in C:\Users\2318440\eclipse-workspace\cas_project\testng.xml
... Removed 16 stack frames]]>
    </failure>
  </testcase> <!-- @BeforeSuite setup -->
  <testcase classname="TestCases.be_cognizant_testcase" name="testUser" time="0.0">
    <skipped/>
  </testcase> <!-- testUser -->
  <testcase classname="TestCases.be_cognizant_testcase" name="testUserDetails" time="0.0">
    <skipped/>
  </testcase> <!-- testUserDetails -->
  <testcase classname="TestCases.be_cognizant_testcase" name="AroundCognizant" time="0.001">
    <skipped/>
  </testcase> <!-- AroundCognizant -->
  <testcase classname="TestCases.be_cognizant_testcase" name="workonheader" time="0.0">
    <skipped/>
  </testcase> <!-- workonheader -->
  <testcase classname="TestCases.be_cognizant_testcase" name="newsSelect" time="0.0">
    <skipped/>
  </testcase> <!-- newsSelect -->
  <testcase classname="TestCases.be_cognizant_testcase" name="seeAllNaviagtion" time="0.0">
    <skipped/>
  </testcase> <!-- seeAllNaviagtion -->
</testsuite> <!-- TestonChrome -->
